<?xml version="1.0" encoding="UTF-8"?>
<testsuite xmlns:xsi="http://www.w3.org/2001/XMLSchema-instance" xsi:noNamespaceSchemaLocation="https://maven.apache.org/surefire/maven-surefire-plugin/xsd/surefire-test-report-3.0.xsd" version="3.0" name="com.ecommerce.SupportTicketControllerTest" time="3.444" tests="4" errors="0" skipped="0" failures="0">
  <properties>
[...]
</properties>
  <testcase name="shouldCreateSupportTicket" classname="com.ecommerce.SupportTicketControllerTest" time="0.042">
    <system-out><![CDATA[2026-03-09T20:31:44.824Z  INFO 4817 --- [ecommerce] [           main] t.c.s.AnnotationConfigContextLoaderUtils : Could not detect default configuration classes for test class [com.ecommerce.SupportTicketControllerTest]: SupportTicketControllerTest does not declare any static, non-private, non-final, nested classes annotated with @Configuration.
2026-03-09T20:31:44.831Z  INFO 4817 --- [ecommerce] [           main] .b.t.c.SpringBootTestContextBootstrapper : Found @SpringBootConfiguration com.ecommerce.EcommerceApplication for test class com.ecommerce.SupportTicketControllerTest

  .   ____          _            __ _ _
 /\\ / ___'_ __ _ _(_)_ __  __ _ \ \ \ \
( ( )\___ | '_ | '_| | '_ \/ _` | \ \ \ \
 \\/  ___)| |_)| | | | | || (_| |  ) ) ) )
  '  |____| .__|_| |_|_| |_\__, | / / / /
 =========|_|==============|___/=/_/_/_/
 :: Spring Boot ::                (v3.2.0)

2026-03-09T20:31:44.889Z  INFO 4817 --- [ecommerce] [           main] c.ecommerce.SupportTicketControllerTest  : Starting SupportTicketControllerTest using Java 17.0.18 with PID 4817 (started by runner in /home/runner/work/Backend-e-commerce/Backend-e-commerce)
2026-03-09T20:31:44.889Z  INFO 4817 --- [ecommerce] [           main] c.ecommerce.SupportTicketControllerTest  : No active profile set, falling back to 1 default profile: "default"
2026-03-09T20:31:45.031Z  INFO 4817 --- [ecommerce] [           main] .s.d.r.c.RepositoryConfigurationDelegate : Bootstrapping Spring Data JPA repositories in DEFAULT mode.
2026-03-09T20:31:45.050Z  INFO 4817 --- [ecommerce] [           main] .s.d.r.c.RepositoryConfigurationDelegate : Finished Spring Data repository scanning in 18 ms. Found 23 JPA repository interfaces.
2026-03-09T20:31:45.123Z  INFO 4817 --- [ecommerce] [           main] o.hibernate.jpa.internal.util.LogHelper  : HHH000204: Processing PersistenceUnitInfo [name: default]
2026-03-09T20:31:45.125Z  INFO 4817 --- [ecommerce] [           main] o.h.c.internal.RegionFactoryInitiator    : HHH000026: Second-level cache disabled
2026-03-09T20:31:45.128Z  INFO 4817 --- [ecommerce] [           main] o.s.o.j.p.SpringPersistenceUnitInfo      : No LoadTimeWeaver setup: ignoring JPA class transformer
2026-03-09T20:31:45.129Z  INFO 4817 --- [ecommerce] [           main] com.zaxxer.hikari.HikariDataSource       : HikariPool-5 - Starting...
2026-03-09T20:31:45.131Z  INFO 4817 --- [ecommerce] [           main] com.zaxxer.hikari.pool.HikariPool        : HikariPool-5 - Added connection conn40: url=jdbc:h2:mem:ecommercedb user=SA
2026-03-09T20:31:45.131Z  INFO 4817 --- [ecommerce] [           main] com.zaxxer.hikari.HikariDataSource       : HikariPool-5 - Start completed.
2026-03-09T20:31:45.131Z  WARN 4817 --- [ecommerce] [           main] org.hibernate.orm.deprecation            : HHH90000025: H2Dialect does not need to be specified explicitly using 'hibernate.dialect' (remove the property setting and it will be selected by default)
2026-03-09T20:31:45.328Z  INFO 4817 --- [ecommerce] [           main] o.h.e.t.j.p.i.JtaPlatformInitiator       : HHH000489: No JTA platform available (set 'hibernate.transaction.jta.platform' to enable JTA platform integration)
Hibernate: drop table if exists address cascade 
Hibernate: drop table if exists cart cascade 
Hibernate: drop table if exists cart_item cascade 
Hibernate: drop table if exists category cascade 
Hibernate: drop table if exists coupon cascade 
Hibernate: drop table if exists customer cascade 
Hibernate: drop table if exists image cascade 
Hibernate: drop table if exists inventory cascade 
Hibernate: drop table if exists inventory_movement cascade 
Hibernate: drop table if exists order_return cascade 
Hibernate: drop table if exists order_item cascade 
Hibernate: drop table if exists orders cascade 
Hibernate: drop table if exists payment cascade 
Hibernate: drop table if exists product cascade 
Hibernate: drop table if exists promotion cascade 
Hibernate: drop table if exists review cascade 
Hibernate: drop table if exists saved_card_token cascade 
Hibernate: drop table if exists session cascade 
Hibernate: drop table if exists shipment cascade 
Hibernate: drop table if exists support_ticket cascade 
Hibernate: drop table if exists technical_specification cascade 
Hibernate: drop table if exists variant cascade 
Hibernate: drop table if exists warranty cascade 
Hibernate: create table address (is_default boolean, customer_id bigint not null, id bigint generated by default as identity, city varchar(255) not null, complement varchar(255), neighborhood varchar(255), number varchar(255), state varchar(255) not null, street varchar(255) not null, type varchar(255) not null check (type in ('BILLING','SHIPPING')), zip_code varchar(255) not null, primary key (id))
Hibernate: create table cart (created_at timestamp(6), customer_id bigint not null, id bigint generated by default as identity, updated_at timestamp(6), primary key (id))
Hibernate: create table cart_item (quantity integer not null, unit_price numeric(38,2) not null, cart_id bigint not null, id bigint generated by default as identity, variant_id bigint not null, primary key (id))
Hibernate: create table category (display_order integer, id bigint generated by default as identity, parent_category_id bigint, icon varchar(255), name varchar(255) not null, slug varchar(255) not null unique, primary key (id))
Hibernate: create table coupon (coupon_value numeric(38,2) not null, current_usage integer, max_usage integer, minimum_order numeric(38,2), expires_at timestamp(6), id bigint generated by default as identity, code varchar(255) not null unique, type varchar(255) not null check (type in ('PERCENTAGE','FIXED')), primary key (id))
Hibernate: create table customer (birth_date date, created_at timestamp(6), id bigint generated by default as identity, email varchar(255) not null unique, name varchar(255) not null, phone varchar(255), tax_id varchar(255), primary key (id))
Hibernate: create table image (display_order integer, is_primary boolean, id bigint generated by default as identity, product_id bigint not null, alt varchar(255), url varchar(255) not null, primary key (id))
Hibernate: create table inventory (quantity integer not null, reorder_point integer, reserved_quantity integer, id bigint generated by default as identity, variant_id bigint not null, primary key (id))
Hibernate: create table inventory_movement (quantity integer not null, created_at timestamp(6), id bigint generated by default as identity, variant_id bigint not null, reason varchar(255), type varchar(255) not null check (type in ('INBOUND','OUTBOUND','RESERVED')), primary key (id))
Hibernate: create table order_return (approved_at timestamp(6), id bigint generated by default as identity, order_id bigint not null, reason varchar(255), status varchar(255) check (status in ('REQUESTED','APPROVED','REJECTED','COMPLETED')), type varchar(255) check (type in ('EXCHANGE','REFUND')), primary key (id))
Hibernate: create table order_item (quantity integer not null, unit_price numeric(38,2) not null, id bigint generated by default as identity, order_id bigint not null, variant_id bigint not null, name_snapshot varchar(255), sku_snapshot varchar(255), primary key (id))
Hibernate: create table orders (discount numeric(38,2), shipping numeric(38,2), subtotal numeric(38,2) not null, total numeric(38,2) not null, created_at timestamp(6), customer_id bigint not null, id bigint generated by default as identity, status varchar(255) not null check (status in ('PENDING','PAID','SHIPPED','DELIVERED','CANCELLED')), primary key (id))
Hibernate: create table payment (amount numeric(38,2) not null, installments integer, id bigint generated by default as identity, order_id bigint not null, paid_at timestamp(6), gateway varchar(255), gateway_transaction_id varchar(255), method varchar(255) not null check (method in ('PIX','CREDIT_CARD','BANK_SLIP')), status varchar(255) not null check (status in ('PENDING','PAID','FAILED','REFUNDED')), primary key (id))
Hibernate: create table product (active boolean, base_price numeric(38,2) not null, promotional_price numeric(38,2), warranty_months integer, weight numeric(38,2), created_at timestamp(6), id bigint generated by default as identity, brand varchar(255), description varchar(255), dimensions varchar(255), model varchar(255), name varchar(255) not null, sku varchar(255) not null unique, technical_description varchar(255), primary key (id))
Hibernate: create table promotion (featured_home boolean, promotional_price numeric(38,2) not null, ends_at timestamp(6), id bigint generated by default as identity, product_id bigint not null, starts_at timestamp(6), primary key (id))
Hibernate: create table review (rating integer not null, verified_purchase boolean, created_at timestamp(6), customer_id bigint not null, id bigint generated by default as identity, product_id bigint not null, comment varchar(255), title varchar(255), primary key (id))
Hibernate: create table saved_card_token (customer_id bigint not null, id bigint generated by default as identity, brand varchar(255), expiration varchar(255), gateway_token varchar(255) not null, last4digits varchar(255) not null, primary key (id))
Hibernate: create table session (customer_id bigint not null, expires_at timestamp(6) not null, id bigint generated by default as identity, ip varchar(255), token varchar(255) not null unique, user_agent varchar(255), primary key (id))
Hibernate: create table shipment (cost numeric(38,2), estimated_days integer, delivered_at timestamp(6), id bigint generated by default as identity, order_id bigint not null, shipped_at timestamp(6), carrier varchar(255), service varchar(255) check (service in ('STANDARD','EXPRESS','OVERNIGHT')), status varchar(255) check (status in ('PENDING','SHIPPED','IN_TRANSIT','DELIVERED','RETURNED')), tracking_code varchar(255), primary key (id))
Hibernate: create table support_ticket (created_at timestamp(6), customer_id bigint not null, id bigint generated by default as identity, order_id bigint, channel varchar(255) check (channel in ('CHAT','EMAIL')), status varchar(255) check (status in ('OPEN','IN_PROGRESS','RESOLVED','CLOSED')), subject varchar(255) not null, primary key (id))
Hibernate: create table technical_specification (id bigint generated by default as identity, product_id bigint not null, spec_key varchar(255) not null, spec_value varchar(255) not null, primary key (id))
Hibernate: create table variant (extra_price numeric(38,2), id bigint generated by default as identity, product_id bigint not null, attribute varchar(255) not null check (attribute in ('COLOR','STORAGE','VOLTAGE')), variant_sku varchar(255), variant_value varchar(255) not null, primary key (id))
Hibernate: create table warranty (end_date date, start_date date, id bigint generated by default as identity, order_item_id bigint not null, serial_number varchar(255), status varchar(255), primary key (id))
Hibernate: alter table if exists address add constraint FK93c3js0e22ll1xlu21nvrhqgg foreign key (customer_id) references customer
Hibernate: alter table if exists cart add constraint FKdebwvad6pp1ekiqy5jtixqbaj foreign key (customer_id) references customer
Hibernate: alter table if exists cart_item add constraint FK1uobyhgl1wvgt1jpccia8xxs3 foreign key (cart_id) references cart
Hibernate: alter table if exists cart_item add constraint FKbs0rqg5p72wam1eby4765nybi foreign key (variant_id) references variant
Hibernate: alter table if exists category add constraint FKs2ride9gvilxy2tcuv7witnxc foreign key (parent_category_id) references category
Hibernate: alter table if exists image add constraint FKgpextbyee3uk9u6o2381m7ft1 foreign key (product_id) references product
Hibernate: alter table if exists inventory add constraint FKcvrmxijkj481ubvfuxjgufw3t foreign key (variant_id) references variant
Hibernate: alter table if exists inventory_movement add constraint FK1e4u40n16tphst0xbd35n8fav foreign key (variant_id) references variant
Hibernate: alter table if exists order_return add constraint FKptadldyc0sr4n8w3hrqnsshqt foreign key (order_id) references orders
Hibernate: alter table if exists order_item add constraint FKt4dc2r9nbvbujrljv3e23iibt foreign key (order_id) references orders
Hibernate: alter table if exists order_item add constraint FKbysnyo102axy9hhcx4fnnyx3w foreign key (variant_id) references variant
Hibernate: alter table if exists orders add constraint FK624gtjin3po807j3vix093tlf foreign key (customer_id) references customer
Hibernate: alter table if exists payment add constraint FKlouu98csyullos9k25tbpk4va foreign key (order_id) references orders
Hibernate: alter table if exists promotion add constraint FKiapjua98u0ltg8nuw9s84iyme foreign key (product_id) references product
Hibernate: alter table if exists review add constraint FKgce54o0p6uugoc2tev4awewly foreign key (customer_id) references customer
Hibernate: alter table if exists review add constraint FKiyof1sindb9qiqr9o8npj8klt foreign key (product_id) references product
Hibernate: alter table if exists saved_card_token add constraint FKeack4fsup4a1y4lmgqif6xuno foreign key (customer_id) references customer
Hibernate: alter table if exists session add constraint FK8q9yimtpf9gblf39wlni5nxrk foreign key (customer_id) references customer
Hibernate: alter table if exists shipment add constraint FK8amw90d62x67honrwucvjado7 foreign key (order_id) references orders
Hibernate: alter table if exists support_ticket add constraint FKhf4gj0yl4r83ogitgu6swi1l4 foreign key (customer_id) references customer
Hibernate: alter table if exists support_ticket add constraint FKa3c5j7lab98hrqr4cjhqll5un foreign key (order_id) references orders
Hibernate: alter table if exists technical_specification add constraint FKijas8wn079yrnld2jbn5f7ir3 foreign key (product_id) references product
Hibernate: alter table if exists variant add constraint FKjjpllnln6hk6hj98uesgxno00 foreign key (product_id) references product
Hibernate: alter table if exists warranty add constraint FK4of1tiln2wuo1r3r03r8ym79x foreign key (order_item_id) references order_item
2026-03-09T20:31:45.362Z  INFO 4817 --- [ecommerce] [           main] j.LocalContainerEntityManagerFactoryBean : Initialized JPA EntityManagerFactory for persistence unit 'default'
2026-03-09T20:31:45.629Z  WARN 4817 --- [ecommerce] [           main] JpaBaseConfiguration$JpaWebConfiguration : spring.jpa.open-in-view is enabled by default. Therefore, database queries may be performed during view rendering. Explicitly configure spring.jpa.open-in-view to disable this warning
2026-03-09T20:31:45.719Z  INFO 4817 --- [ecommerce] [           main] o.s.b.a.h2.H2ConsoleAutoConfiguration    : H2 console available at '/h2-console'. Database available at 'jdbc:h2:mem:ecommercedb'
2026-03-09T20:31:45.732Z  INFO 4817 --- [ecommerce] [           main] o.s.b.t.m.w.SpringBootMockServletContext : Initializing Spring TestDispatcherServlet ''
2026-03-09T20:31:45.732Z  INFO 4817 --- [ecommerce] [           main] o.s.t.web.servlet.TestDispatcherServlet  : Initializing Servlet ''
2026-03-09T20:31:45.732Z  INFO 4817 --- [ecommerce] [           main] o.s.t.web.servlet.TestDispatcherServlet  : Completed initialization in 0 ms
2026-03-09T20:31:45.739Z  INFO 4817 --- [ecommerce] [           main] c.ecommerce.SupportTicketControllerTest  : Started SupportTicketControllerTest in 0.902 seconds (process running for 10.666)
Hibernate: insert into customer (birth_date,created_at,email,name,phone,tax_id,id) values (?,?,?,?,?,?,default)
Hibernate: select c1_0.id,c1_0.birth_date,c1_0.created_at,c1_0.email,c1_0.name,c1_0.phone,c1_0.tax_id from customer c1_0 where c1_0.id=?
Hibernate: insert into support_ticket (channel,created_at,customer_id,order_id,status,subject,id) values (?,?,?,?,?,?,default)
2026-03-09T20:31:45.774Z  INFO 4817 --- [ecommerce] [           main] j.LocalContainerEntityManagerFactoryBean : Closing JPA EntityManagerFactory for persistence unit 'default'
Hibernate: drop table if exists address cascade 
Hibernate: drop table if exists cart cascade 
Hibernate: drop table if exists cart_item cascade 
Hibernate: drop table if exists category cascade 
Hibernate: drop table if exists coupon cascade 
Hibernate: drop table if exists customer cascade 
Hibernate: drop table if exists image cascade 
Hibernate: drop table if exists inventory cascade 
Hibernate: drop table if exists inventory_movement cascade 
Hibernate: drop table if exists order_return cascade 
Hibernate: drop table if exists order_item cascade 
Hibernate: drop table if exists orders cascade 
Hibernate: drop table if exists payment cascade 
Hibernate: drop table if exists product cascade 
Hibernate: drop table if exists promotion cascade 
Hibernate: drop table if exists review cascade 
Hibernate: drop table if exists saved_card_token cascade 
Hibernate: drop table if exists session cascade 
Hibernate: drop table if exists shipment cascade 
Hibernate: drop table if exists support_ticket cascade 
Hibernate: drop table if exists technical_specification cascade 
Hibernate: drop table if exists variant cascade 
Hibernate: drop table if exists warranty cascade 
2026-03-09T20:31:45.781Z  INFO 4817 --- [ecommerce] [           main] com.zaxxer.hikari.HikariDataSource       : HikariPool-5 - Shutdown initiated...
2026-03-09T20:31:45.782Z  INFO 4817 --- [ecommerce] [           main] com.zaxxer.hikari.HikariDataSource       : HikariPool-5 - Shutdown completed.
]]></system-out>
  </testcase>
  <testcase name="shouldReturnEmptyList" classname="com.ecommerce.SupportTicketControllerTest" time="0.022">
    <system-out><![CDATA[
  .   ____          _            __ _ _
 /\\ / ___'_ __ _ _(_)_ __  __ _ \ \ \ \
( ( )\___ | '_ | '_| | '_ \/ _` | \ \ \ \
 \\/  ___)| |_)| | | | | || (_| |  ) ) ) )
  '  |____| .__|_| |_|_| |_\__, | / / / /
 =========|_|==============|___/=/_/_/_/
 :: Spring Boot ::                (v3.2.0)

2026-03-09T20:31:45.803Z  INFO 4817 --- [ecommerce] [           main] c.ecommerce.SupportTicketControllerTest  : Starting SupportTicketControllerTest using Java 17.0.18 with PID 4817 (started by runner in /home/runner/work/Backend-e-commerce/Backend-e-commerce)
2026-03-09T20:31:45.803Z  INFO 4817 --- [ecommerce] [           main] c.ecommerce.SupportTicketControllerTest  : No active profile set, falling back to 1 default profile: "default"
2026-03-09T20:31:45.914Z  INFO 4817 --- [ecommerce] [           main] .s.d.r.c.RepositoryConfigurationDelegate : Bootstrapping Spring Data JPA repositories in DEFAULT mode.
2026-03-09T20:31:45.932Z  INFO 4817 --- [ecommerce] [           main] .s.d.r.c.RepositoryConfigurationDelegate : Finished Spring Data repository scanning in 17 ms. Found 23 JPA repository interfaces.
2026-03-09T20:31:46.006Z  INFO 4817 --- [ecommerce] [           main] o.hibernate.jpa.internal.util.LogHelper  : HHH000204: Processing PersistenceUnitInfo [name: default]
2026-03-09T20:31:46.008Z  INFO 4817 --- [ecommerce] [           main] o.h.c.internal.RegionFactoryInitiator    : HHH000026: Second-level cache disabled
2026-03-09T20:31:46.012Z  INFO 4817 --- [ecommerce] [           main] o.s.o.j.p.SpringPersistenceUnitInfo      : No LoadTimeWeaver setup: ignoring JPA class transformer
2026-03-09T20:31:46.013Z  INFO 4817 --- [ecommerce] [           main] com.zaxxer.hikari.HikariDataSource       : HikariPool-6 - Starting...
2026-03-09T20:31:46.015Z  INFO 4817 --- [ecommerce] [           main] com.zaxxer.hikari.pool.HikariPool        : HikariPool-6 - Added connection conn50: url=jdbc:h2:mem:ecommercedb user=SA
2026-03-09T20:31:46.015Z  INFO 4817 --- [ecommerce] [           main] com.zaxxer.hikari.HikariDataSource       : HikariPool-6 - Start completed.
2026-03-09T20:31:46.015Z  WARN 4817 --- [ecommerce] [           main] org.hibernate.orm.deprecation            : HHH90000025: H2Dialect does not need to be specified explicitly using 'hibernate.dialect' (remove the property setting and it will be selected by default)
2026-03-09T20:31:46.209Z  INFO 4817 --- [ecommerce] [           main] o.h.e.t.j.p.i.JtaPlatformInitiator       : HHH000489: No JTA platform available (set 'hibernate.transaction.jta.platform' to enable JTA platform integration)
Hibernate: drop table if exists address cascade 
Hibernate: drop table if exists cart cascade 
Hibernate: drop table if exists cart_item cascade 
Hibernate: drop table if exists category cascade 
Hibernate: drop table if exists coupon cascade 
Hibernate: drop table if exists customer cascade 
Hibernate: drop table if exists image cascade 
Hibernate: drop table if exists inventory cascade 
Hibernate: drop table if exists inventory_movement cascade 
Hibernate: drop table if exists order_return cascade 
Hibernate: drop table if exists order_item cascade 
Hibernate: drop table if exists orders cascade 
Hibernate: drop table if exists payment cascade 
Hibernate: drop table if exists product cascade 
Hibernate: drop table if exists promotion cascade 
Hibernate: drop table if exists review cascade 
Hibernate: drop table if exists saved_card_token cascade 
Hibernate: drop table if exists session cascade 
Hibernate: drop table if exists shipment cascade 
Hibernate: drop table if exists support_ticket cascade 
Hibernate: drop table if exists technical_specification cascade 
Hibernate: drop table if exists variant cascade 
Hibernate: drop table if exists warranty cascade 
Hibernate: create table address (is_default boolean, customer_id bigint not null, id bigint generated by default as identity, city varchar(255) not null, complement varchar(255), neighborhood varchar(255), number varchar(255), state varchar(255) not null, street varchar(255) not null, type varchar(255) not null check (type in ('BILLING','SHIPPING')), zip_code varchar(255) not null, primary key (id))
Hibernate: create table cart (created_at timestamp(6), customer_id bigint not null, id bigint generated by default as identity, updated_at timestamp(6), primary key (id))
Hibernate: create table cart_item (quantity integer not null, unit_price numeric(38,2) not null, cart_id bigint not null, id bigint generated by default as identity, variant_id bigint not null, primary key (id))
Hibernate: create table category (display_order integer, id bigint generated by default as identity, parent_category_id bigint, icon varchar(255), name varchar(255) not null, slug varchar(255) not null unique, primary key (id))
Hibernate: create table coupon (coupon_value numeric(38,2) not null, current_usage integer, max_usage integer, minimum_order numeric(38,2), expires_at timestamp(6), id bigint generated by default as identity, code varchar(255) not null unique, type varchar(255) not null check (type in ('PERCENTAGE','FIXED')), primary key (id))
Hibernate: create table customer (birth_date date, created_at timestamp(6), id bigint generated by default as identity, email varchar(255) not null unique, name varchar(255) not null, phone varchar(255), tax_id varchar(255), primary key (id))
Hibernate: create table image (display_order integer, is_primary boolean, id bigint generated by default as identity, product_id bigint not null, alt varchar(255), url varchar(255) not null, primary key (id))
Hibernate: create table inventory (quantity integer not null, reorder_point integer, reserved_quantity integer, id bigint generated by default as identity, variant_id bigint not null, primary key (id))
Hibernate: create table inventory_movement (quantity integer not null, created_at timestamp(6), id bigint generated by default as identity, variant_id bigint not null, reason varchar(255), type varchar(255) not null check (type in ('INBOUND','OUTBOUND','RESERVED')), primary key (id))
Hibernate: create table order_return (approved_at timestamp(6), id bigint generated by default as identity, order_id bigint not null, reason varchar(255), status varchar(255) check (status in ('REQUESTED','APPROVED','REJECTED','COMPLETED')), type varchar(255) check (type in ('EXCHANGE','REFUND')), primary key (id))
Hibernate: create table order_item (quantity integer not null, unit_price numeric(38,2) not null, id bigint generated by default as identity, order_id bigint not null, variant_id bigint not null, name_snapshot varchar(255), sku_snapshot varchar(255), primary key (id))
Hibernate: create table orders (discount numeric(38,2), shipping numeric(38,2), subtotal numeric(38,2) not null, total numeric(38,2) not null, created_at timestamp(6), customer_id bigint not null, id bigint generated by default as identity, status varchar(255) not null check (status in ('PENDING','PAID','SHIPPED','DELIVERED','CANCELLED')), primary key (id))
Hibernate: create table payment (amount numeric(38,2) not null, installments integer, id bigint generated by default as identity, order_id bigint not null, paid_at timestamp(6), gateway varchar(255), gateway_transaction_id varchar(255), method varchar(255) not null check (method in ('PIX','CREDIT_CARD','BANK_SLIP')), status varchar(255) not null check (status in ('PENDING','PAID','FAILED','REFUNDED')), primary key (id))
Hibernate: create table product (active boolean, base_price numeric(38,2) not null, promotional_price numeric(38,2), warranty_months integer, weight numeric(38,2), created_at timestamp(6), id bigint generated by default as identity, brand varchar(255), description varchar(255), dimensions varchar(255), model varchar(255), name varchar(255) not null, sku varchar(255) not null unique, technical_description varchar(255), primary key (id))
Hibernate: create table promotion (featured_home boolean, promotional_price numeric(38,2) not null, ends_at timestamp(6), id bigint generated by default as identity, product_id bigint not null, starts_at timestamp(6), primary key (id))
Hibernate: create table review (rating integer not null, verified_purchase boolean, created_at timestamp(6), customer_id bigint not null, id bigint generated by default as identity, product_id bigint not null, comment varchar(255), title varchar(255), primary key (id))
Hibernate: create table saved_card_token (customer_id bigint not null, id bigint generated by default as identity, brand varchar(255), expiration varchar(255), gateway_token varchar(255) not null, last4digits varchar(255) not null, primary key (id))
Hibernate: create table session (customer_id bigint not null, expires_at timestamp(6) not null, id bigint generated by default as identity, ip varchar(255), token varchar(255) not null unique, user_agent varchar(255), primary key (id))
Hibernate: create table shipment (cost numeric(38,2), estimated_days integer, delivered_at timestamp(6), id bigint generated by default as identity, order_id bigint not null, shipped_at timestamp(6), carrier varchar(255), service varchar(255) check (service in ('STANDARD','EXPRESS','OVERNIGHT')), status varchar(255) check (status in ('PENDING','SHIPPED','IN_TRANSIT','DELIVERED','RETURNED')), tracking_code varchar(255), primary key (id))
Hibernate: create table support_ticket (created_at timestamp(6), customer_id bigint not null, id bigint generated by default as identity, order_id bigint, channel varchar(255) check (channel in ('CHAT','EMAIL')), status varchar(255) check (status in ('OPEN','IN_PROGRESS','RESOLVED','CLOSED')), subject varchar(255) not null, primary key (id))
Hibernate: create table technical_specification (id bigint generated by default as identity, product_id bigint not null, spec_key varchar(255) not null, spec_value varchar(255) not null, primary key (id))
Hibernate: create table variant (extra_price numeric(38,2), id bigint generated by default as identity, product_id bigint not null, attribute varchar(255) not null check (attribute in ('COLOR','STORAGE','VOLTAGE')), variant_sku varchar(255), variant_value varchar(255) not null, primary key (id))
Hibernate: create table warranty (end_date date, start_date date, id bigint generated by default as identity, order_item_id bigint not null, serial_number varchar(255), status varchar(255), primary key (id))
Hibernate: alter table if exists address add constraint FK93c3js0e22ll1xlu21nvrhqgg foreign key (customer_id) references customer
Hibernate: alter table if exists cart add constraint FKdebwvad6pp1ekiqy5jtixqbaj foreign key (customer_id) references customer
Hibernate: alter table if exists cart_item add constraint FK1uobyhgl1wvgt1jpccia8xxs3 foreign key (cart_id) references cart
Hibernate: alter table if exists cart_item add constraint FKbs0rqg5p72wam1eby4765nybi foreign key (variant_id) references variant
Hibernate: alter table if exists category add constraint FKs2ride9gvilxy2tcuv7witnxc foreign key (parent_category_id) references category
Hibernate: alter table if exists image add constraint FKgpextbyee3uk9u6o2381m7ft1 foreign key (product_id) references product
Hibernate: alter table if exists inventory add constraint FKcvrmxijkj481ubvfuxjgufw3t foreign key (variant_id) references variant
Hibernate: alter table if exists inventory_movement add constraint FK1e4u40n16tphst0xbd35n8fav foreign key (variant_id) references variant
Hibernate: alter table if exists order_return add constraint FKptadldyc0sr4n8w3hrqnsshqt foreign key (order_id) references orders
Hibernate: alter table if exists order_item add constraint FKt4dc2r9nbvbujrljv3e23iibt foreign key (order_id) references orders
Hibernate: alter table if exists order_item add constraint FKbysnyo102axy9hhcx4fnnyx3w foreign key (variant_id) references variant
Hibernate: alter table if exists orders add constraint FK624gtjin3po807j3vix093tlf foreign key (customer_id) references customer
Hibernate: alter table if exists payment add constraint FKlouu98csyullos9k25tbpk4va foreign key (order_id) references orders
Hibernate: alter table if exists promotion add constraint FKiapjua98u0ltg8nuw9s84iyme foreign key (product_id) references product
Hibernate: alter table if exists review add constraint FKgce54o0p6uugoc2tev4awewly foreign key (customer_id) references customer
Hibernate: alter table if exists review add constraint FKiyof1sindb9qiqr9o8npj8klt foreign key (product_id) references product
Hibernate: alter table if exists saved_card_token add constraint FKeack4fsup4a1y4lmgqif6xuno foreign key (customer_id) references customer
Hibernate: alter table if exists session add constraint FK8q9yimtpf9gblf39wlni5nxrk foreign key (customer_id) references customer
Hibernate: alter table if exists shipment add constraint FK8amw90d62x67honrwucvjado7 foreign key (order_id) references orders
Hibernate: alter table if exists support_ticket add constraint FKhf4gj0yl4r83ogitgu6swi1l4 foreign key (customer_id) references customer
Hibernate: alter table if exists support_ticket add constraint FKa3c5j7lab98hrqr4cjhqll5un foreign key (order_id) references orders
Hibernate: alter table if exists technical_specification add constraint FKijas8wn079yrnld2jbn5f7ir3 foreign key (product_id) references product
Hibernate: alter table if exists variant add constraint FKjjpllnln6hk6hj98uesgxno00 foreign key (product_id) references product
Hibernate: alter table if exists warranty add constraint FK4of1tiln2wuo1r3r03r8ym79x foreign key (order_item_id) references order_item
2026-03-09T20:31:46.240Z  INFO 4817 --- [ecommerce] [           main] j.LocalContainerEntityManagerFactoryBean : Initialized JPA EntityManagerFactory for persistence unit 'default'
2026-03-09T20:31:46.469Z  WARN 4817 --- [ecommerce] [           main] JpaBaseConfiguration$JpaWebConfiguration : spring.jpa.open-in-view is enabled by default. Therefore, database queries may be performed during view rendering. Explicitly configure spring.jpa.open-in-view to disable this warning
2026-03-09T20:31:46.545Z  INFO 4817 --- [ecommerce] [           main] o.s.b.a.h2.H2ConsoleAutoConfiguration    : H2 console available at '/h2-console'. Database available at 'jdbc:h2:mem:ecommercedb'
2026-03-09T20:31:46.558Z  INFO 4817 --- [ecommerce] [           main] o.s.b.t.m.w.SpringBootMockServletContext : Initializing Spring TestDispatcherServlet ''
2026-03-09T20:31:46.558Z  INFO 4817 --- [ecommerce] [           main] o.s.t.web.servlet.TestDispatcherServlet  : Initializing Servlet ''
2026-03-09T20:31:46.558Z  INFO 4817 --- [ecommerce] [           main] o.s.t.web.servlet.TestDispatcherServlet  : Completed initialization in 0 ms
2026-03-09T20:31:46.565Z  INFO 4817 --- [ecommerce] [           main] c.ecommerce.SupportTicketControllerTest  : Started SupportTicketControllerTest in 0.781 seconds (process running for 11.492)
Hibernate: select st1_0.id,st1_0.channel,st1_0.created_at,st1_0.customer_id,st1_0.order_id,st1_0.status,st1_0.subject from support_ticket st1_0
2026-03-09T20:31:46.582Z  INFO 4817 --- [ecommerce] [           main] j.LocalContainerEntityManagerFactoryBean : Closing JPA EntityManagerFactory for persistence unit 'default'
Hibernate: drop table if exists address cascade 
Hibernate: drop table if exists cart cascade 
Hibernate: drop table if exists cart_item cascade 
Hibernate: drop table if exists category cascade 
Hibernate: drop table if exists coupon cascade 
Hibernate: drop table if exists customer cascade 
Hibernate: drop table if exists image cascade 
Hibernate: drop table if exists inventory cascade 
Hibernate: drop table if exists inventory_movement cascade 
Hibernate: drop table if exists order_return cascade 
Hibernate: drop table if exists order_item cascade 
Hibernate: drop table if exists orders cascade 
Hibernate: drop table if exists payment cascade 
Hibernate: drop table if exists product cascade 
Hibernate: drop table if exists promotion cascade 
Hibernate: drop table if exists review cascade 
Hibernate: drop table if exists saved_card_token cascade 
Hibernate: drop table if exists session cascade 
Hibernate: drop table if exists shipment cascade 
Hibernate: drop table if exists support_ticket cascade 
Hibernate: drop table if exists technical_specification cascade 
Hibernate: drop table if exists variant cascade 
Hibernate: drop table if exists warranty cascade 
2026-03-09T20:31:46.587Z  INFO 4817 --- [ecommerce] [           main] com.zaxxer.hikari.HikariDataSource       : HikariPool-6 - Shutdown initiated...
2026-03-09T20:31:46.589Z  INFO 4817 --- [ecommerce] [           main] com.zaxxer.hikari.HikariDataSource       : HikariPool-6 - Shutdown completed.
]]></system-out>
  </testcase>
  <testcase name="shouldDeleteSupportTicket" classname="com.ecommerce.SupportTicketControllerTest" time="0.045">
    <system-out><![CDATA[
  .   ____          _            __ _ _
 /\\ / ___'_ __ _ _(_)_ __  __ _ \ \ \ \
( ( )\___ | '_ | '_| | '_ \/ _` | \ \ \ \
 \\/  ___)| |_)| | | | | || (_| |  ) ) ) )
  '  |____| .__|_| |_|_| |_\__, | / / / /
 =========|_|==============|___/=/_/_/_/
 :: Spring Boot ::                (v3.2.0)

2026-03-09T20:31:46.610Z  INFO 4817 --- [ecommerce] [           main] c.ecommerce.SupportTicketControllerTest  : Starting SupportTicketControllerTest using Java 17.0.18 with PID 4817 (started by runner in /home/runner/work/Backend-e-commerce/Backend-e-commerce)
2026-03-09T20:31:46.610Z  INFO 4817 --- [ecommerce] [           main] c.ecommerce.SupportTicketControllerTest  : No active profile set, falling back to 1 default profile: "default"
2026-03-09T20:31:46.727Z  INFO 4817 --- [ecommerce] [           main] .s.d.r.c.RepositoryConfigurationDelegate : Bootstrapping Spring Data JPA repositories in DEFAULT mode.
2026-03-09T20:31:46.745Z  INFO 4817 --- [ecommerce] [           main] .s.d.r.c.RepositoryConfigurationDelegate : Finished Spring Data repository scanning in 17 ms. Found 23 JPA repository interfaces.
2026-03-09T20:31:46.815Z  INFO 4817 --- [ecommerce] [           main] o.hibernate.jpa.internal.util.LogHelper  : HHH000204: Processing PersistenceUnitInfo [name: default]
2026-03-09T20:31:46.816Z  INFO 4817 --- [ecommerce] [           main] o.h.c.internal.RegionFactoryInitiator    : HHH000026: Second-level cache disabled
2026-03-09T20:31:46.819Z  INFO 4817 --- [ecommerce] [           main] o.s.o.j.p.SpringPersistenceUnitInfo      : No LoadTimeWeaver setup: ignoring JPA class transformer
2026-03-09T20:31:46.820Z  INFO 4817 --- [ecommerce] [           main] com.zaxxer.hikari.HikariDataSource       : HikariPool-7 - Starting...
2026-03-09T20:31:46.822Z  INFO 4817 --- [ecommerce] [           main] com.zaxxer.hikari.pool.HikariPool        : HikariPool-7 - Added connection conn60: url=jdbc:h2:mem:ecommercedb user=SA
2026-03-09T20:31:46.822Z  INFO 4817 --- [ecommerce] [           main] com.zaxxer.hikari.HikariDataSource       : HikariPool-7 - Start completed.
2026-03-09T20:31:46.823Z  WARN 4817 --- [ecommerce] [           main] org.hibernate.orm.deprecation            : HHH90000025: H2Dialect does not need to be specified explicitly using 'hibernate.dialect' (remove the property setting and it will be selected by default)
2026-03-09T20:31:47.009Z  INFO 4817 --- [ecommerce] [           main] o.h.e.t.j.p.i.JtaPlatformInitiator       : HHH000489: No JTA platform available (set 'hibernate.transaction.jta.platform' to enable JTA platform integration)
Hibernate: drop table if exists address cascade 
Hibernate: drop table if exists cart cascade 
Hibernate: drop table if exists cart_item cascade 
Hibernate: drop table if exists category cascade 
Hibernate: drop table if exists coupon cascade 
Hibernate: drop table if exists customer cascade 
Hibernate: drop table if exists image cascade 
Hibernate: drop table if exists inventory cascade 
Hibernate: drop table if exists inventory_movement cascade 
Hibernate: drop table if exists order_return cascade 
Hibernate: drop table if exists order_item cascade 
Hibernate: drop table if exists orders cascade 
Hibernate: drop table if exists payment cascade 
Hibernate: drop table if exists product cascade 
Hibernate: drop table if exists promotion cascade 
Hibernate: drop table if exists review cascade 
Hibernate: drop table if exists saved_card_token cascade 
Hibernate: drop table if exists session cascade 
Hibernate: drop table if exists shipment cascade 
Hibernate: drop table if exists support_ticket cascade 
Hibernate: drop table if exists technical_specification cascade 
Hibernate: drop table if exists variant cascade 
Hibernate: drop table if exists warranty cascade 
Hibernate: create table address (is_default boolean, customer_id bigint not null, id bigint generated by default as identity, city varchar(255) not null, complement varchar(255), neighborhood varchar(255), number varchar(255), state varchar(255) not null, street varchar(255) not null, type varchar(255) not null check (type in ('BILLING','SHIPPING')), zip_code varchar(255) not null, primary key (id))
Hibernate: create table cart (created_at timestamp(6), customer_id bigint not null, id bigint generated by default as identity, updated_at timestamp(6), primary key (id))
Hibernate: create table cart_item (quantity integer not null, unit_price numeric(38,2) not null, cart_id bigint not null, id bigint generated by default as identity, variant_id bigint not null, primary key (id))
Hibernate: create table category (display_order integer, id bigint generated by default as identity, parent_category_id bigint, icon varchar(255), name varchar(255) not null, slug varchar(255) not null unique, primary key (id))
Hibernate: create table coupon (coupon_value numeric(38,2) not null, current_usage integer, max_usage integer, minimum_order numeric(38,2), expires_at timestamp(6), id bigint generated by default as identity, code varchar(255) not null unique, type varchar(255) not null check (type in ('PERCENTAGE','FIXED')), primary key (id))
Hibernate: create table customer (birth_date date, created_at timestamp(6), id bigint generated by default as identity, email varchar(255) not null unique, name varchar(255) not null, phone varchar(255), tax_id varchar(255), primary key (id))
Hibernate: create table image (display_order integer, is_primary boolean, id bigint generated by default as identity, product_id bigint not null, alt varchar(255), url varchar(255) not null, primary key (id))
Hibernate: create table inventory (quantity integer not null, reorder_point integer, reserved_quantity integer, id bigint generated by default as identity, variant_id bigint not null, primary key (id))
Hibernate: create table inventory_movement (quantity integer not null, created_at timestamp(6), id bigint generated by default as identity, variant_id bigint not null, reason varchar(255), type varchar(255) not null check (type in ('INBOUND','OUTBOUND','RESERVED')), primary key (id))
Hibernate: create table order_return (approved_at timestamp(6), id bigint generated by default as identity, order_id bigint not null, reason varchar(255), status varchar(255) check (status in ('REQUESTED','APPROVED','REJECTED','COMPLETED')), type varchar(255) check (type in ('EXCHANGE','REFUND')), primary key (id))
Hibernate: create table order_item (quantity integer not null, unit_price numeric(38,2) not null, id bigint generated by default as identity, order_id bigint not null, variant_id bigint not null, name_snapshot varchar(255), sku_snapshot varchar(255), primary key (id))
Hibernate: create table orders (discount numeric(38,2), shipping numeric(38,2), subtotal numeric(38,2) not null, total numeric(38,2) not null, created_at timestamp(6), customer_id bigint not null, id bigint generated by default as identity, status varchar(255) not null check (status in ('PENDING','PAID','SHIPPED','DELIVERED','CANCELLED')), primary key (id))
Hibernate: create table payment (amount numeric(38,2) not null, installments integer, id bigint generated by default as identity, order_id bigint not null, paid_at timestamp(6), gateway varchar(255), gateway_transaction_id varchar(255), method varchar(255) not null check (method in ('PIX','CREDIT_CARD','BANK_SLIP')), status varchar(255) not null check (status in ('PENDING','PAID','FAILED','REFUNDED')), primary key (id))
Hibernate: create table product (active boolean, base_price numeric(38,2) not null, promotional_price numeric(38,2), warranty_months integer, weight numeric(38,2), created_at timestamp(6), id bigint generated by default as identity, brand varchar(255), description varchar(255), dimensions varchar(255), model varchar(255), name varchar(255) not null, sku varchar(255) not null unique, technical_description varchar(255), primary key (id))
Hibernate: create table promotion (featured_home boolean, promotional_price numeric(38,2) not null, ends_at timestamp(6), id bigint generated by default as identity, product_id bigint not null, starts_at timestamp(6), primary key (id))
Hibernate: create table review (rating integer not null, verified_purchase boolean, created_at timestamp(6), customer_id bigint not null, id bigint generated by default as identity, product_id bigint not null, comment varchar(255), title varchar(255), primary key (id))
Hibernate: create table saved_card_token (customer_id bigint not null, id bigint generated by default as identity, brand varchar(255), expiration varchar(255), gateway_token varchar(255) not null, last4digits varchar(255) not null, primary key (id))
Hibernate: create table session (customer_id bigint not null, expires_at timestamp(6) not null, id bigint generated by default as identity, ip varchar(255), token varchar(255) not null unique, user_agent varchar(255), primary key (id))
Hibernate: create table shipment (cost numeric(38,2), estimated_days integer, delivered_at timestamp(6), id bigint generated by default as identity, order_id bigint not null, shipped_at timestamp(6), carrier varchar(255), service varchar(255) check (service in ('STANDARD','EXPRESS','OVERNIGHT')), status varchar(255) check (status in ('PENDING','SHIPPED','IN_TRANSIT','DELIVERED','RETURNED')), tracking_code varchar(255), primary key (id))
Hibernate: create table support_ticket (created_at timestamp(6), customer_id bigint not null, id bigint generated by default as identity, order_id bigint, channel varchar(255) check (channel in ('CHAT','EMAIL')), status varchar(255) check (status in ('OPEN','IN_PROGRESS','RESOLVED','CLOSED')), subject varchar(255) not null, primary key (id))
Hibernate: create table technical_specification (id bigint generated by default as identity, product_id bigint not null, spec_key varchar(255) not null, spec_value varchar(255) not null, primary key (id))
Hibernate: create table variant (extra_price numeric(38,2), id bigint generated by default as identity, product_id bigint not null, attribute varchar(255) not null check (attribute in ('COLOR','STORAGE','VOLTAGE')), variant_sku varchar(255), variant_value varchar(255) not null, primary key (id))
Hibernate: create table warranty (end_date date, start_date date, id bigint generated by default as identity, order_item_id bigint not null, serial_number varchar(255), status varchar(255), primary key (id))
Hibernate: alter table if exists address add constraint FK93c3js0e22ll1xlu21nvrhqgg foreign key (customer_id) references customer
Hibernate: alter table if exists cart add constraint FKdebwvad6pp1ekiqy5jtixqbaj foreign key (customer_id) references customer
Hibernate: alter table if exists cart_item add constraint FK1uobyhgl1wvgt1jpccia8xxs3 foreign key (cart_id) references cart
Hibernate: alter table if exists cart_item add constraint FKbs0rqg5p72wam1eby4765nybi foreign key (variant_id) references variant
Hibernate: alter table if exists category add constraint FKs2ride9gvilxy2tcuv7witnxc foreign key (parent_category_id) references category
Hibernate: alter table if exists image add constraint FKgpextbyee3uk9u6o2381m7ft1 foreign key (product_id) references product
Hibernate: alter table if exists inventory add constraint FKcvrmxijkj481ubvfuxjgufw3t foreign key (variant_id) references variant
Hibernate: alter table if exists inventory_movement add constraint FK1e4u40n16tphst0xbd35n8fav foreign key (variant_id) references variant
Hibernate: alter table if exists order_return add constraint FKptadldyc0sr4n8w3hrqnsshqt foreign key (order_id) references orders
Hibernate: alter table if exists order_item add constraint FKt4dc2r9nbvbujrljv3e23iibt foreign key (order_id) references orders
Hibernate: alter table if exists order_item add constraint FKbysnyo102axy9hhcx4fnnyx3w foreign key (variant_id) references variant
Hibernate: alter table if exists orders add constraint FK624gtjin3po807j3vix093tlf foreign key (customer_id) references customer
Hibernate: alter table if exists payment add constraint FKlouu98csyullos9k25tbpk4va foreign key (order_id) references orders
Hibernate: alter table if exists promotion add constraint FKiapjua98u0ltg8nuw9s84iyme foreign key (product_id) references product
Hibernate: alter table if exists review add constraint FKgce54o0p6uugoc2tev4awewly foreign key (customer_id) references customer
Hibernate: alter table if exists review add constraint FKiyof1sindb9qiqr9o8npj8klt foreign key (product_id) references product
Hibernate: alter table if exists saved_card_token add constraint FKeack4fsup4a1y4lmgqif6xuno foreign key (customer_id) references customer
Hibernate: alter table if exists session add constraint FK8q9yimtpf9gblf39wlni5nxrk foreign key (customer_id) references customer
Hibernate: alter table if exists shipment add constraint FK8amw90d62x67honrwucvjado7 foreign key (order_id) references orders
Hibernate: alter table if exists support_ticket add constraint FKhf4gj0yl4r83ogitgu6swi1l4 foreign key (customer_id) references customer
Hibernate: alter table if exists support_ticket add constraint FKa3c5j7lab98hrqr4cjhqll5un foreign key (order_id) references orders
Hibernate: alter table if exists technical_specification add constraint FKijas8wn079yrnld2jbn5f7ir3 foreign key (product_id) references product
Hibernate: alter table if exists variant add constraint FKjjpllnln6hk6hj98uesgxno00 foreign key (product_id) references product
Hibernate: alter table if exists warranty add constraint FK4of1tiln2wuo1r3r03r8ym79x foreign key (order_item_id) references order_item
2026-03-09T20:31:47.046Z  INFO 4817 --- [ecommerce] [           main] j.LocalContainerEntityManagerFactoryBean : Initialized JPA EntityManagerFactory for persistence unit 'default'
2026-03-09T20:31:47.300Z  WARN 4817 --- [ecommerce] [           main] JpaBaseConfiguration$JpaWebConfiguration : spring.jpa.open-in-view is enabled by default. Therefore, database queries may be performed during view rendering. Explicitly configure spring.jpa.open-in-view to disable this warning
2026-03-09T20:31:47.369Z  INFO 4817 --- [ecommerce] [           main] o.s.b.a.h2.H2ConsoleAutoConfiguration    : H2 console available at '/h2-console'. Database available at 'jdbc:h2:mem:ecommercedb'
2026-03-09T20:31:47.381Z  INFO 4817 --- [ecommerce] [           main] o.s.b.t.m.w.SpringBootMockServletContext : Initializing Spring TestDispatcherServlet ''
2026-03-09T20:31:47.381Z  INFO 4817 --- [ecommerce] [           main] o.s.t.web.servlet.TestDispatcherServlet  : Initializing Servlet ''
2026-03-09T20:31:47.381Z  INFO 4817 --- [ecommerce] [           main] o.s.t.web.servlet.TestDispatcherServlet  : Completed initialization in 0 ms
2026-03-09T20:31:47.388Z  INFO 4817 --- [ecommerce] [           main] c.ecommerce.SupportTicketControllerTest  : Started SupportTicketControllerTest in 0.797 seconds (process running for 12.315)
Hibernate: insert into customer (birth_date,created_at,email,name,phone,tax_id,id) values (?,?,?,?,?,?,default)
Hibernate: select c1_0.id,c1_0.birth_date,c1_0.created_at,c1_0.email,c1_0.name,c1_0.phone,c1_0.tax_id from customer c1_0 where c1_0.id=?
Hibernate: insert into support_ticket (channel,created_at,customer_id,order_id,status,subject,id) values (?,?,?,?,?,?,default)
Hibernate: select st1_0.id,st1_0.channel,st1_0.created_at,st1_0.customer_id,st1_0.order_id,st1_0.status,st1_0.subject from support_ticket st1_0 where st1_0.id=?
Hibernate: delete from support_ticket where id=?
Hibernate: select st1_0.id,st1_0.channel,st1_0.created_at,st1_0.customer_id,st1_0.order_id,st1_0.status,st1_0.subject from support_ticket st1_0 where st1_0.id=?
2026-03-09T20:31:47.428Z  INFO 4817 --- [ecommerce] [           main] j.LocalContainerEntityManagerFactoryBean : Closing JPA EntityManagerFactory for persistence unit 'default'
Hibernate: drop table if exists address cascade 
Hibernate: drop table if exists cart cascade 
Hibernate: drop table if exists cart_item cascade 
Hibernate: drop table if exists category cascade 
Hibernate: drop table if exists coupon cascade 
Hibernate: drop table if exists customer cascade 
Hibernate: drop table if exists image cascade 
Hibernate: drop table if exists inventory cascade 
Hibernate: drop table if exists inventory_movement cascade 
Hibernate: drop table if exists order_return cascade 
Hibernate: drop table if exists order_item cascade 
Hibernate: drop table if exists orders cascade 
Hibernate: drop table if exists payment cascade 
Hibernate: drop table if exists product cascade 
Hibernate: drop table if exists promotion cascade 
Hibernate: drop table if exists review cascade 
Hibernate: drop table if exists saved_card_token cascade 
Hibernate: drop table if exists session cascade 
Hibernate: drop table if exists shipment cascade 
Hibernate: drop table if exists support_ticket cascade 
Hibernate: drop table if exists technical_specification cascade 
Hibernate: drop table if exists variant cascade 
Hibernate: drop table if exists warranty cascade 
2026-03-09T20:31:47.434Z  INFO 4817 --- [ecommerce] [           main] com.zaxxer.hikari.HikariDataSource       : HikariPool-7 - Shutdown initiated...
2026-03-09T20:31:47.435Z  INFO 4817 --- [ecommerce] [           main] com.zaxxer.hikari.HikariDataSource       : HikariPool-7 - Shutdown completed.
]]></system-out>
  </testcase>
  <testcase name="shouldGetSupportTicketById" classname="com.ecommerce.SupportTicketControllerTest" time="0.038">
    <system-out><![CDATA[
  .   ____          _            __ _ _
 /\\ / ___'_ __ _ _(_)_ __  __ _ \ \ \ \
( ( )\___ | '_ | '_| | '_ \/ _` | \ \ \ \
 \\/  ___)| |_)| | | | | || (_| |  ) ) ) )
  '  |____| .__|_| |_|_| |_\__, | / / / /
 =========|_|==============|___/=/_/_/_/
 :: Spring Boot ::                (v3.2.0)

2026-03-09T20:31:47.458Z  INFO 4817 --- [ecommerce] [           main] c.ecommerce.SupportTicketControllerTest  : Starting SupportTicketControllerTest using Java 17.0.18 with PID 4817 (started by runner in /home/runner/work/Backend-e-commerce/Backend-e-commerce)
2026-03-09T20:31:47.458Z  INFO 4817 --- [ecommerce] [           main] c.ecommerce.SupportTicketControllerTest  : No active profile set, falling back to 1 default profile: "default"
2026-03-09T20:31:47.562Z  INFO 4817 --- [ecommerce] [           main] .s.d.r.c.RepositoryConfigurationDelegate : Bootstrapping Spring Data JPA repositories in DEFAULT mode.
2026-03-09T20:31:47.581Z  INFO 4817 --- [ecommerce] [           main] .s.d.r.c.RepositoryConfigurationDelegate : Finished Spring Data repository scanning in 18 ms. Found 23 JPA repository interfaces.
2026-03-09T20:31:47.662Z  INFO 4817 --- [ecommerce] [           main] o.hibernate.jpa.internal.util.LogHelper  : HHH000204: Processing PersistenceUnitInfo [name: default]
2026-03-09T20:31:47.663Z  INFO 4817 --- [ecommerce] [           main] o.h.c.internal.RegionFactoryInitiator    : HHH000026: Second-level cache disabled
2026-03-09T20:31:47.666Z  INFO 4817 --- [ecommerce] [           main] o.s.o.j.p.SpringPersistenceUnitInfo      : No LoadTimeWeaver setup: ignoring JPA class transformer
2026-03-09T20:31:47.668Z  INFO 4817 --- [ecommerce] [           main] com.zaxxer.hikari.HikariDataSource       : HikariPool-8 - Starting...
2026-03-09T20:31:47.669Z  INFO 4817 --- [ecommerce] [           main] com.zaxxer.hikari.pool.HikariPool        : HikariPool-8 - Added connection conn70: url=jdbc:h2:mem:ecommercedb user=SA
2026-03-09T20:31:47.670Z  INFO 4817 --- [ecommerce] [           main] com.zaxxer.hikari.HikariDataSource       : HikariPool-8 - Start completed.
2026-03-09T20:31:47.670Z  WARN 4817 --- [ecommerce] [           main] org.hibernate.orm.deprecation            : HHH90000025: H2Dialect does not need to be specified explicitly using 'hibernate.dialect' (remove the property setting and it will be selected by default)
2026-03-09T20:31:47.851Z  INFO 4817 --- [ecommerce] [           main] o.h.e.t.j.p.i.JtaPlatformInitiator       : HHH000489: No JTA platform available (set 'hibernate.transaction.jta.platform' to enable JTA platform integration)
Hibernate: drop table if exists address cascade 
Hibernate: drop table if exists cart cascade 
Hibernate: drop table if exists cart_item cascade 
Hibernate: drop table if exists category cascade 
Hibernate: drop table if exists coupon cascade 
Hibernate: drop table if exists customer cascade 
Hibernate: drop table if exists image cascade 
Hibernate: drop table if exists inventory cascade 
Hibernate: drop table if exists inventory_movement cascade 
Hibernate: drop table if exists order_return cascade 
Hibernate: drop table if exists order_item cascade 
Hibernate: drop table if exists orders cascade 
Hibernate: drop table if exists payment cascade 
Hibernate: drop table if exists product cascade 
Hibernate: drop table if exists promotion cascade 
Hibernate: drop table if exists review cascade 
Hibernate: drop table if exists saved_card_token cascade 
Hibernate: drop table if exists session cascade 
Hibernate: drop table if exists shipment cascade 
Hibernate: drop table if exists support_ticket cascade 
Hibernate: drop table if exists technical_specification cascade 
Hibernate: drop table if exists variant cascade 
Hibernate: drop table if exists warranty cascade 
Hibernate: create table address (is_default boolean, customer_id bigint not null, id bigint generated by default as identity, city varchar(255) not null, complement varchar(255), neighborhood varchar(255), number varchar(255), state varchar(255) not null, street varchar(255) not null, type varchar(255) not null check (type in ('BILLING','SHIPPING')), zip_code varchar(255) not null, primary key (id))
Hibernate: create table cart (created_at timestamp(6), customer_id bigint not null, id bigint generated by default as identity, updated_at timestamp(6), primary key (id))
Hibernate: create table cart_item (quantity integer not null, unit_price numeric(38,2) not null, cart_id bigint not null, id bigint generated by default as identity, variant_id bigint not null, primary key (id))
Hibernate: create table category (display_order integer, id bigint generated by default as identity, parent_category_id bigint, icon varchar(255), name varchar(255) not null, slug varchar(255) not null unique, primary key (id))
Hibernate: create table coupon (coupon_value numeric(38,2) not null, current_usage integer, max_usage integer, minimum_order numeric(38,2), expires_at timestamp(6), id bigint generated by default as identity, code varchar(255) not null unique, type varchar(255) not null check (type in ('PERCENTAGE','FIXED')), primary key (id))
Hibernate: create table customer (birth_date date, created_at timestamp(6), id bigint generated by default as identity, email varchar(255) not null unique, name varchar(255) not null, phone varchar(255), tax_id varchar(255), primary key (id))
Hibernate: create table image (display_order integer, is_primary boolean, id bigint generated by default as identity, product_id bigint not null, alt varchar(255), url varchar(255) not null, primary key (id))
Hibernate: create table inventory (quantity integer not null, reorder_point integer, reserved_quantity integer, id bigint generated by default as identity, variant_id bigint not null, primary key (id))
Hibernate: create table inventory_movement (quantity integer not null, created_at timestamp(6), id bigint generated by default as identity, variant_id bigint not null, reason varchar(255), type varchar(255) not null check (type in ('INBOUND','OUTBOUND','RESERVED')), primary key (id))
Hibernate: create table order_return (approved_at timestamp(6), id bigint generated by default as identity, order_id bigint not null, reason varchar(255), status varchar(255) check (status in ('REQUESTED','APPROVED','REJECTED','COMPLETED')), type varchar(255) check (type in ('EXCHANGE','REFUND')), primary key (id))
Hibernate: create table order_item (quantity integer not null, unit_price numeric(38,2) not null, id bigint generated by default as identity, order_id bigint not null, variant_id bigint not null, name_snapshot varchar(255), sku_snapshot varchar(255), primary key (id))
Hibernate: create table orders (discount numeric(38,2), shipping numeric(38,2), subtotal numeric(38,2) not null, total numeric(38,2) not null, created_at timestamp(6), customer_id bigint not null, id bigint generated by default as identity, status varchar(255) not null check (status in ('PENDING','PAID','SHIPPED','DELIVERED','CANCELLED')), primary key (id))
Hibernate: create table payment (amount numeric(38,2) not null, installments integer, id bigint generated by default as identity, order_id bigint not null, paid_at timestamp(6), gateway varchar(255), gateway_transaction_id varchar(255), method varchar(255) not null check (method in ('PIX','CREDIT_CARD','BANK_SLIP')), status varchar(255) not null check (status in ('PENDING','PAID','FAILED','REFUNDED')), primary key (id))
Hibernate: create table product (active boolean, base_price numeric(38,2) not null, promotional_price numeric(38,2), warranty_months integer, weight numeric(38,2), created_at timestamp(6), id bigint generated by default as identity, brand varchar(255), description varchar(255), dimensions varchar(255), model varchar(255), name varchar(255) not null, sku varchar(255) not null unique, technical_description varchar(255), primary key (id))
Hibernate: create table promotion (featured_home boolean, promotional_price numeric(38,2) not null, ends_at timestamp(6), id bigint generated by default as identity, product_id bigint not null, starts_at timestamp(6), primary key (id))
Hibernate: create table review (rating integer not null, verified_purchase boolean, created_at timestamp(6), customer_id bigint not null, id bigint generated by default as identity, product_id bigint not null, comment varchar(255), title varchar(255), primary key (id))
Hibernate: create table saved_card_token (customer_id bigint not null, id bigint generated by default as identity, brand varchar(255), expiration varchar(255), gateway_token varchar(255) not null, last4digits varchar(255) not null, primary key (id))
Hibernate: create table session (customer_id bigint not null, expires_at timestamp(6) not null, id bigint generated by default as identity, ip varchar(255), token varchar(255) not null unique, user_agent varchar(255), primary key (id))
Hibernate: create table shipment (cost numeric(38,2), estimated_days integer, delivered_at timestamp(6), id bigint generated by default as identity, order_id bigint not null, shipped_at timestamp(6), carrier varchar(255), service varchar(255) check (service in ('STANDARD','EXPRESS','OVERNIGHT')), status varchar(255) check (status in ('PENDING','SHIPPED','IN_TRANSIT','DELIVERED','RETURNED')), tracking_code varchar(255), primary key (id))
Hibernate: create table support_ticket (created_at timestamp(6), customer_id bigint not null, id bigint generated by default as identity, order_id bigint, channel varchar(255) check (channel in ('CHAT','EMAIL')), status varchar(255) check (status in ('OPEN','IN_PROGRESS','RESOLVED','CLOSED')), subject varchar(255) not null, primary key (id))
Hibernate: create table technical_specification (id bigint generated by default as identity, product_id bigint not null, spec_key varchar(255) not null, spec_value varchar(255) not null, primary key (id))
Hibernate: create table variant (extra_price numeric(38,2), id bigint generated by default as identity, product_id bigint not null, attribute varchar(255) not null check (attribute in ('COLOR','STORAGE','VOLTAGE')), variant_sku varchar(255), variant_value varchar(255) not null, primary key (id))
Hibernate: create table warranty (end_date date, start_date date, id bigint generated by default as identity, order_item_id bigint not null, serial_number varchar(255), status varchar(255), primary key (id))
Hibernate: alter table if exists address add constraint FK93c3js0e22ll1xlu21nvrhqgg foreign key (customer_id) references customer
Hibernate: alter table if exists cart add constraint FKdebwvad6pp1ekiqy5jtixqbaj foreign key (customer_id) references customer
Hibernate: alter table if exists cart_item add constraint FK1uobyhgl1wvgt1jpccia8xxs3 foreign key (cart_id) references cart
Hibernate: alter table if exists cart_item add constraint FKbs0rqg5p72wam1eby4765nybi foreign key (variant_id) references variant
Hibernate: alter table if exists category add constraint FKs2ride9gvilxy2tcuv7witnxc foreign key (parent_category_id) references category
Hibernate: alter table if exists image add constraint FKgpextbyee3uk9u6o2381m7ft1 foreign key (product_id) references product
Hibernate: alter table if exists inventory add constraint FKcvrmxijkj481ubvfuxjgufw3t foreign key (variant_id) references variant
Hibernate: alter table if exists inventory_movement add constraint FK1e4u40n16tphst0xbd35n8fav foreign key (variant_id) references variant
Hibernate: alter table if exists order_return add constraint FKptadldyc0sr4n8w3hrqnsshqt foreign key (order_id) references orders
Hibernate: alter table if exists order_item add constraint FKt4dc2r9nbvbujrljv3e23iibt foreign key (order_id) references orders
Hibernate: alter table if exists order_item add constraint FKbysnyo102axy9hhcx4fnnyx3w foreign key (variant_id) references variant
Hibernate: alter table if exists orders add constraint FK624gtjin3po807j3vix093tlf foreign key (customer_id) references customer
Hibernate: alter table if exists payment add constraint FKlouu98csyullos9k25tbpk4va foreign key (order_id) references orders
Hibernate: alter table if exists promotion add constraint FKiapjua98u0ltg8nuw9s84iyme foreign key (product_id) references product
Hibernate: alter table if exists review add constraint FKgce54o0p6uugoc2tev4awewly foreign key (customer_id) references customer
Hibernate: alter table if exists review add constraint FKiyof1sindb9qiqr9o8npj8klt foreign key (product_id) references product
Hibernate: alter table if exists saved_card_token add constraint FKeack4fsup4a1y4lmgqif6xuno foreign key (customer_id) references customer
Hibernate: alter table if exists session add constraint FK8q9yimtpf9gblf39wlni5nxrk foreign key (customer_id) references customer
Hibernate: alter table if exists shipment add constraint FK8amw90d62x67honrwucvjado7 foreign key (order_id) references orders
Hibernate: alter table if exists support_ticket add constraint FKhf4gj0yl4r83ogitgu6swi1l4 foreign key (customer_id) references customer
Hibernate: alter table if exists support_ticket add constraint FKa3c5j7lab98hrqr4cjhqll5un foreign key (order_id) references orders
Hibernate: alter table if exists technical_specification add constraint FKijas8wn079yrnld2jbn5f7ir3 foreign key (product_id) references product
Hibernate: alter table if exists variant add constraint FKjjpllnln6hk6hj98uesgxno00 foreign key (product_id) references product
Hibernate: alter table if exists warranty add constraint FK4of1tiln2wuo1r3r03r8ym79x foreign key (order_item_id) references order_item
2026-03-09T20:31:47.889Z  INFO 4817 --- [ecommerce] [           main] j.LocalContainerEntityManagerFactoryBean : Initialized JPA EntityManagerFactory for persistence unit 'default'
2026-03-09T20:31:48.124Z  WARN 4817 --- [ecommerce] [           main] JpaBaseConfiguration$JpaWebConfiguration : spring.jpa.open-in-view is enabled by default. Therefore, database queries may be performed during view rendering. Explicitly configure spring.jpa.open-in-view to disable this warning
2026-03-09T20:31:48.199Z  INFO 4817 --- [ecommerce] [           main] o.s.b.a.h2.H2ConsoleAutoConfiguration    : H2 console available at '/h2-console'. Database available at 'jdbc:h2:mem:ecommercedb'
2026-03-09T20:31:48.210Z  INFO 4817 --- [ecommerce] [           main] o.s.b.t.m.w.SpringBootMockServletContext : Initializing Spring TestDispatcherServlet ''
2026-03-09T20:31:48.210Z  INFO 4817 --- [ecommerce] [           main] o.s.t.web.servlet.TestDispatcherServlet  : Initializing Servlet ''
2026-03-09T20:31:48.211Z  INFO 4817 --- [ecommerce] [           main] o.s.t.web.servlet.TestDispatcherServlet  : Completed initialization in 1 ms
2026-03-09T20:31:48.223Z  INFO 4817 --- [ecommerce] [           main] c.ecommerce.SupportTicketControllerTest  : Started SupportTicketControllerTest in 0.786 seconds (process running for 13.15)
Hibernate: insert into customer (birth_date,created_at,email,name,phone,tax_id,id) values (?,?,?,?,?,?,default)
Hibernate: select c1_0.id,c1_0.birth_date,c1_0.created_at,c1_0.email,c1_0.name,c1_0.phone,c1_0.tax_id from customer c1_0 where c1_0.id=?
Hibernate: insert into support_ticket (channel,created_at,customer_id,order_id,status,subject,id) values (?,?,?,?,?,?,default)
Hibernate: select st1_0.id,st1_0.channel,st1_0.created_at,st1_0.customer_id,st1_0.order_id,st1_0.status,st1_0.subject from support_ticket st1_0 where st1_0.id=?
2026-03-09T20:31:48.256Z  INFO 4817 --- [ecommerce] [           main] j.LocalContainerEntityManagerFactoryBean : Closing JPA EntityManagerFactory for persistence unit 'default'
Hibernate: drop table if exists address cascade 
Hibernate: drop table if exists cart cascade 
Hibernate: drop table if exists cart_item cascade 
Hibernate: drop table if exists category cascade 
Hibernate: drop table if exists coupon cascade 
Hibernate: drop table if exists customer cascade 
Hibernate: drop table if exists image cascade 
Hibernate: drop table if exists inventory cascade 
Hibernate: drop table if exists inventory_movement cascade 
Hibernate: drop table if exists order_return cascade 
Hibernate: drop table if exists order_item cascade 
Hibernate: drop table if exists orders cascade 
Hibernate: drop table if exists payment cascade 
Hibernate: drop table if exists product cascade 
Hibernate: drop table if exists promotion cascade 
Hibernate: drop table if exists review cascade 
Hibernate: drop table if exists saved_card_token cascade 
Hibernate: drop table if exists session cascade 
Hibernate: drop table if exists shipment cascade 
Hibernate: drop table if exists support_ticket cascade 
Hibernate: drop table if exists technical_specification cascade 
Hibernate: drop table if exists variant cascade 
Hibernate: drop table if exists warranty cascade 
2026-03-09T20:31:48.261Z  INFO 4817 --- [ecommerce] [           main] com.zaxxer.hikari.HikariDataSource       : HikariPool-8 - Shutdown initiated...
2026-03-09T20:31:48.262Z  INFO 4817 --- [ecommerce] [           main] com.zaxxer.hikari.HikariDataSource       : HikariPool-8 - Shutdown completed.
]]></system-out>
  </testcase>
</testsuite>